2022-03-30 11:04:21,080 - pyswarms.single.global_best - INFO - Optimize for 100 iters with {'c1': 0.5, 'c2': 0.3, 'w': 0.9}
2022-03-30 11:04:21,134 - pyswarms.single.global_best - INFO - Optimization finished | best cost: 1.1454596378176735e-07, best pos: [3.37082838e-04 3.03500279e-05]
2022-03-30 11:14:14,543 - pyswarms.single.global_best - INFO - Optimize for 100 iters with {'c1': 0.5, 'c2': 0.3, 'w': 0.9}
2022-03-30 11:14:14,583 - pyswarms.single.global_best - INFO - Optimization finished | best cost: 1.0250215753305311e-07, best pos: [-0.00011726 -0.00029791]
2022-03-30 11:16:51,709 - pyswarms.single.global_best - INFO - Optimize for 100 iters with {'c1': 0.5, 'c2': 0.3, 'w': 0.9}
2022-03-30 11:16:51,740 - pyswarms.single.global_best - INFO - Optimization finished | best cost: 5.746175673698236e-07, best pos: [-0.0004616   0.00060129]
2022-03-30 11:18:17,283 - pyswarms.single.global_best - INFO - Optimize for 100 iters with {'c1': 0.5, 'c2': 0.3, 'w': 0.9}
2022-03-30 11:18:17,317 - pyswarms.single.global_best - INFO - Optimization finished | best cost: 6.272207563184982e-08, best pos: [ 2.45757651e-04 -4.82208735e-05]
2022-03-30 11:21:34,786 - pyswarms.single.global_best - INFO - Optimize for 100 iters with {'c1': 0.5, 'c2': 0.3, 'w': 0.9}
2022-03-30 11:21:34,825 - pyswarms.single.global_best - INFO - Optimization finished | best cost: 2.0042560228825486e-06, best pos: [0.00032433 0.00137807]
2022-03-30 11:21:47,086 - pyswarms.single.global_best - INFO - Optimize for 100 iters with {'c1': 0.5, 'c2': 0.3, 'w': 0.9}
2022-03-30 11:21:47,121 - pyswarms.single.global_best - INFO - Optimization finished | best cost: 1.6167654912565123e-07, best pos: [5.07352174e-05 3.98876531e-04]
2022-03-30 11:22:18,962 - pyswarms.single.global_best - INFO - Optimize for 100 iters with {'c1': 0.5, 'c2': 0.3, 'w': 0.9}
2022-03-30 11:22:19,002 - pyswarms.single.global_best - INFO - Optimization finished | best cost: 2.1425952575752098e-09, best pos: [4.25104311e-05 1.83155262e-05]
2022-03-30 11:24:51,343 - pyswarms.single.global_best - INFO - Optimize for 50 iters with {'c1': 0.5, 'c2': 0.3, 'w': 0.9}
2022-03-30 11:24:51,368 - pyswarms.single.global_best - INFO - Optimization finished | best cost: 3.4588215308735476e-05, best pos: [0.00555655 0.00192691]
2022-03-30 11:24:56,618 - matplotlib.animation - INFO - Animation.save using <class 'matplotlib.animation.ImageMagickWriter'>
2022-03-30 11:24:56,618 - matplotlib.animation - INFO - MovieWriter._run: running command: 'C:\Program Files\ImageMagick-7.1.0-Q16-HDRI\magick.exe' -size 1000x800 -depth 8 -delay 10.0 -loop 0 rgba:- plot0.gif
2022-03-30 11:24:56,778 - matplotlib.animation - WARNING - MovieWriter stderr:
magick.exe: unexpected end-of-file '-': No such file or directory @ error/rgb.c/ReadRGBImage/246.

2022-03-30 11:31:29,984 - pyswarms.single.global_best - INFO - Optimize for 50 iters with {'c1': 0.5, 'c2': 0.3, 'w': 0.9}
2022-03-30 11:31:30,015 - pyswarms.single.global_best - INFO - Optimization finished | best cost: 7.1061469286519075e-06, best pos: [0.00176878 0.00199439]
2022-03-30 11:31:34,657 - matplotlib.animation - INFO - Animation.save using <class 'matplotlib.animation.ImageMagickWriter'>
2022-03-30 11:31:34,657 - matplotlib.animation - INFO - MovieWriter._run: running command: 'C:\Program Files\ImageMagick-7.1.0-Q16-HDRI\magick.exe' -size 1000x800 -depth 8 -delay 10.0 -loop 0 rgba:- plot0.gif
2022-03-30 11:31:34,754 - matplotlib.animation - WARNING - MovieWriter stderr:
magick.exe: unexpected end-of-file '-': No such file or directory @ error/rgb.c/ReadRGBImage/246.

2022-03-30 11:33:02,702 - pyswarms.single.global_best - INFO - Optimize for 50 iters with {'c1': 0.5, 'c2': 0.3, 'w': 0.9}
2022-03-30 11:33:02,727 - pyswarms.single.global_best - INFO - Optimization finished | best cost: 2.1071114782518426e-05, best pos: [0.00404437 0.00217122]
2022-03-30 11:33:07,208 - matplotlib.animation - INFO - Animation.save using <class 'matplotlib.animation.ImageMagickWriter'>
2022-03-30 11:33:07,218 - matplotlib.animation - INFO - MovieWriter._run: running command: 'C:\Program Files\ImageMagick-7.1.0-Q16-HDRI\magick.exe' -size 1000x800 -depth 8 -delay 10.0 -loop 0 rgba:- plot0.gif
2022-03-30 11:33:07,300 - matplotlib.animation - WARNING - MovieWriter stderr:
magick.exe: unexpected end-of-file '-': No such file or directory @ error/rgb.c/ReadRGBImage/246.

2022-03-30 11:40:43,594 - pyswarms.single.global_best - INFO - Optimize for 50 iters with {'c1': 0.5, 'c2': 0.3, 'w': 0.9}
2022-03-30 11:40:43,616 - pyswarms.single.global_best - INFO - Optimization finished | best cost: 2.3865336771386927e-05, best pos: [-0.00076318  0.00482524]
2022-03-30 11:40:48,066 - matplotlib.animation - INFO - Animation.save using <class 'matplotlib.animation.ImageMagickWriter'>
2022-03-30 11:40:48,066 - matplotlib.animation - INFO - MovieWriter._run: running command: 'C:\Program Files\ImageMagick-7.1.0-Q16-HDRI\magick.exe' -size 1000x800 -depth 8 -delay 10.0 -loop 0 rgba:- plot0.gif
2022-04-06 09:09:11,898 - pyswarms.single.global_best - INFO - Optimize for 100 iters with {'c1': 0.5, 'c2': 0.3, 'w': 0.9}
2022-04-06 09:09:11,954 - pyswarms.single.global_best - INFO - Optimization finished | best cost: 0.0005754114424481038, best pos: [2.23289583e-05 2.01819045e-04]
2022-04-06 09:11:36,611 - pyswarms.single.global_best - INFO - Optimize for 100 iters with {'c1': 0.5, 'c2': 0.3, 'w': 0.9}
2022-04-06 09:11:36,683 - pyswarms.single.global_best - INFO - Optimization finished | best cost: 1.103494067634675e-06, best pos: [3.00238959 0.50068303]
